2018-01-20 18:43:18,808  INFO Blog2Application:48 - Starting Blog2Application on smy-ThinkPad-E450c with PID 6710 (/media/smy/IdeaProjects/blog2/target/classes started by smy in /media/smy/IdeaProjects/blog2)
2018-01-20 18:43:18,854  INFO Blog2Application:593 - No active profile set, falling back to default profiles: default
2018-01-20 18:43:19,148  INFO AnnotationConfigEmbeddedWebApplicationContext:583 - Refreshing org.springframework.boot.context.embedded.AnnotationConfigEmbeddedWebApplicationContext@7ff95560: startup date [Sat Jan 20 18:43:19 CST 2018]; root of context hierarchy
2018-01-20 18:43:19,561  INFO Version:30 - HV000001: Hibernate Validator 5.3.5.Final
2018-01-20 18:43:23,517  INFO TomcatEmbeddedServletContainer:89 - Tomcat initialized with port(s): 8080 (http)
2018-01-20 18:43:23,740  INFO ContextLoader:276 - Root WebApplicationContext: initialization completed in 4598 ms
2018-01-20 18:43:24,039  INFO FilterRegistrationBean:258 - Mapping filter: 'characterEncodingFilter' to: [/*]
2018-01-20 18:43:24,040  INFO FilterRegistrationBean:258 - Mapping filter: 'hiddenHttpMethodFilter' to: [/*]
2018-01-20 18:43:24,041  INFO FilterRegistrationBean:258 - Mapping filter: 'httpPutFormContentFilter' to: [/*]
2018-01-20 18:43:24,041  INFO FilterRegistrationBean:258 - Mapping filter: 'requestContextFilter' to: [/*]
2018-01-20 18:43:24,049  INFO DelegatingFilterProxyRegistrationBean:258 - Mapping filter: 'springSecurityFilterChain' to: [/*]
2018-01-20 18:43:24,050  INFO ServletRegistrationBean:190 - Mapping servlet: 'dispatcherServlet' to [/]
2018-01-20 18:43:25,034  INFO MybatisPageHelperConfig:19 - ------Register MyBatis PageHelper-------
2018-01-20 18:43:27,021  INFO RequestMappingHandlerAdapter:534 - Looking for @ControllerAdvice: org.springframework.boot.context.embedded.AnnotationConfigEmbeddedWebApplicationContext@7ff95560: startup date [Sat Jan 20 18:43:19 CST 2018]; root of context hierarchy
2018-01-20 18:43:27,126  INFO RequestMappingHandlerMapping:543 - Mapped "{[/demo],methods=[GET]}" onto public java.lang.String com.spring.blog2.WebController.demo()
2018-01-20 18:43:27,131  INFO RequestMappingHandlerMapping:543 - Mapped "{[/article/api/find],methods=[GET]}" onto public com.spring.blog2.obj.Article com.spring.blog2.controller.ArticleAPI.findOne(java.lang.Long)
2018-01-20 18:43:27,133  INFO RequestMappingHandlerMapping:543 - Mapped "{[/article/api/list],methods=[GET]}" onto public com.spring.blog2.obj.AjaxData com.spring.blog2.controller.ArticleAPI.findAll()
2018-01-20 18:43:27,137  INFO RequestMappingHandlerMapping:543 - Mapped "{[/article/add],methods=[POST]}" onto public com.spring.blog2.obj.Message com.spring.blog2.controller.ArticleController.addArticle(com.spring.blog2.obj.Article)
2018-01-20 18:43:27,138  INFO RequestMappingHandlerMapping:543 - Mapped "{[/article/upload],methods=[POST]}" onto public java.lang.String com.spring.blog2.controller.ArticleController.upload(javax.servlet.http.HttpServletRequest,org.springframework.web.multipart.MultipartFile) throws java.io.IOException
2018-01-20 18:43:27,138  INFO RequestMappingHandlerMapping:543 - Mapped "{[/article/findarticles/{id}],methods=[GET]}" onto public org.springframework.web.servlet.ModelAndView com.spring.blog2.controller.ArticleController.findArticlesByCategory(java.lang.Long,org.springframework.web.servlet.ModelAndView)
2018-01-20 18:43:27,139  INFO RequestMappingHandlerMapping:543 - Mapped "{[/article/see/{id}],methods=[GET]}" onto public org.springframework.web.servlet.ModelAndView com.spring.blog2.controller.ArticleController.singleArticle(java.lang.String,org.springframework.web.servlet.ModelAndView)
2018-01-20 18:43:27,140  INFO RequestMappingHandlerMapping:543 - Mapped "{[/category/list],methods=[GET]}" onto public org.springframework.web.servlet.ModelAndView com.spring.blog2.controller.CategoryController.list(org.springframework.web.servlet.ModelAndView)
2018-01-20 18:43:27,141  INFO RequestMappingHandlerMapping:543 - Mapped "{[/login],methods=[GET]}" onto public org.springframework.web.servlet.ModelAndView com.spring.blog2.controller.IndexController.login(org.springframework.web.servlet.ModelAndView)
2018-01-20 18:43:27,142  INFO RequestMappingHandlerMapping:543 - Mapped "{[/],methods=[GET]}" onto public java.lang.String com.spring.blog2.controller.IndexController.index(java.lang.Integer,org.springframework.ui.Model)
2018-01-20 18:43:27,145  INFO RequestMappingHandlerMapping:543 - Mapped "{[/error],produces=[text/html]}" onto public org.springframework.web.servlet.ModelAndView org.springframework.boot.autoconfigure.web.BasicErrorController.errorHtml(javax.servlet.http.HttpServletRequest,javax.servlet.http.HttpServletResponse)
2018-01-20 18:43:27,146  INFO RequestMappingHandlerMapping:543 - Mapped "{[/error]}" onto public org.springframework.http.ResponseEntity<java.util.Map<java.lang.String, java.lang.Object>> org.springframework.boot.autoconfigure.web.BasicErrorController.error(javax.servlet.http.HttpServletRequest)
2018-01-20 18:43:27,187  INFO SimpleUrlHandlerMapping:362 - Mapped URL path [/upload/**] onto handler of type [class org.springframework.web.servlet.resource.ResourceHttpRequestHandler]
2018-01-20 18:43:27,187  INFO SimpleUrlHandlerMapping:362 - Mapped URL path [/webjars/**] onto handler of type [class org.springframework.web.servlet.resource.ResourceHttpRequestHandler]
2018-01-20 18:43:27,188  INFO SimpleUrlHandlerMapping:362 - Mapped URL path [/**] onto handler of type [class org.springframework.web.servlet.resource.ResourceHttpRequestHandler]
2018-01-20 18:43:27,254  INFO SimpleUrlHandlerMapping:362 - Mapped URL path [/**/favicon.ico] onto handler of type [class org.springframework.web.servlet.resource.ResourceHttpRequestHandler]
2018-01-20 18:43:27,792  INFO FreeMarkerConfigurer:127 - ClassTemplateLoader for Spring macros added to FreeMarker configuration
2018-01-20 18:43:28,419  INFO DefaultSecurityFilterChain:43 - Creating filter chain: OrRequestMatcher [requestMatchers=[Ant [pattern='/css/**'], Ant [pattern='/js/**'], Ant [pattern='/images/**'], Ant [pattern='/webjars/**'], Ant [pattern='/**/favicon.ico'], Ant [pattern='/error']]], []
2018-01-20 18:43:28,517  INFO DefaultSecurityFilterChain:43 - Creating filter chain: org.springframework.security.web.util.matcher.AnyRequestMatcher@1, [org.springframework.security.web.context.request.async.WebAsyncManagerIntegrationFilter@315f09ef, org.springframework.security.web.context.SecurityContextPersistenceFilter@6caf7803, org.springframework.security.web.header.HeaderWriterFilter@70972170, org.springframework.security.web.authentication.logout.LogoutFilter@18b8d173, org.springframework.security.web.authentication.UsernamePasswordAuthenticationFilter@2f5b8250, org.springframework.security.web.savedrequest.RequestCacheAwareFilter@698fee9a, org.springframework.security.web.servletapi.SecurityContextHolderAwareRequestFilter@437486cd, org.springframework.security.web.authentication.AnonymousAuthenticationFilter@3a66e67e, org.springframework.security.web.session.SessionManagementFilter@4e1a46fb, org.springframework.security.web.access.ExceptionTranslationFilter@5634d0f4, org.springframework.security.web.access.intercept.FilterSecurityInterceptor@2938127d]
2018-01-20 18:43:28,533  INFO DefaultSecurityFilterChain:43 - Creating filter chain: OrRequestMatcher [requestMatchers=[Ant [pattern='/**']]], [org.springframework.security.web.context.request.async.WebAsyncManagerIntegrationFilter@272ce069, org.springframework.security.web.context.SecurityContextPersistenceFilter@74170687, org.springframework.security.web.header.HeaderWriterFilter@2b6fcb9f, org.springframework.security.web.authentication.logout.LogoutFilter@181d8899, org.springframework.security.web.authentication.www.BasicAuthenticationFilter@12d5c30e, org.springframework.security.web.savedrequest.RequestCacheAwareFilter@68f0f72c, org.springframework.security.web.servletapi.SecurityContextHolderAwareRequestFilter@3d96fa9e, org.springframework.security.web.authentication.AnonymousAuthenticationFilter@3d7fb838, org.springframework.security.web.session.SessionManagementFilter@75de6341, org.springframework.security.web.access.ExceptionTranslationFilter@4f9a6c2d, org.springframework.security.web.access.intercept.FilterSecurityInterceptor@3c83468e]
2018-01-20 18:43:29,145  INFO AnnotationMBeanExporter:431 - Registering beans for JMX exposure on startup
2018-01-20 18:43:29,778  INFO TomcatEmbeddedServletContainer:201 - Tomcat started on port(s): 8080 (http)
2018-01-20 18:43:29,840  INFO Blog2Application:57 - Started Blog2Application in 13.472 seconds (JVM running for 17.643)
2018-01-20 18:43:58,487  INFO DispatcherServlet:489 - FrameworkServlet 'dispatcherServlet': initialization started
2018-01-20 18:43:58,698  INFO DispatcherServlet:508 - FrameworkServlet 'dispatcherServlet': initialization completed in 162 ms
2018-01-20 18:51:42,066  INFO AnnotationConfigEmbeddedWebApplicationContext:984 - Closing org.springframework.boot.context.embedded.AnnotationConfigEmbeddedWebApplicationContext@7ff95560: startup date [Sat Jan 20 18:43:19 CST 2018]; root of context hierarchy
2018-01-20 18:51:42,070  INFO AnnotationMBeanExporter:449 - Unregistering JMX-exposed beans on shutdown
2018-01-20 18:51:59,883  INFO Blog2Application:48 - Starting Blog2Application on smy-ThinkPad-E450c with PID 7185 (/media/smy/IdeaProjects/blog2/target/classes started by smy in /media/smy/IdeaProjects/blog2)
2018-01-20 18:51:59,937  INFO Blog2Application:593 - No active profile set, falling back to default profiles: default
2018-01-20 18:52:00,489  INFO AnnotationConfigEmbeddedWebApplicationContext:583 - Refreshing org.springframework.boot.context.embedded.AnnotationConfigEmbeddedWebApplicationContext@1198b989: startup date [Sat Jan 20 18:52:00 CST 2018]; root of context hierarchy
2018-01-20 18:52:02,309  INFO Version:30 - HV000001: Hibernate Validator 5.3.5.Final
2018-01-20 18:52:09,396  INFO TomcatEmbeddedServletContainer:89 - Tomcat initialized with port(s): 8080 (http)
2018-01-20 18:52:10,077  INFO ContextLoader:276 - Root WebApplicationContext: initialization completed in 9607 ms
2018-01-20 18:52:10,570  INFO FilterRegistrationBean:258 - Mapping filter: 'characterEncodingFilter' to: [/*]
2018-01-20 18:52:10,572  INFO FilterRegistrationBean:258 - Mapping filter: 'hiddenHttpMethodFilter' to: [/*]
2018-01-20 18:52:10,572  INFO FilterRegistrationBean:258 - Mapping filter: 'httpPutFormContentFilter' to: [/*]
2018-01-20 18:52:10,574  INFO FilterRegistrationBean:258 - Mapping filter: 'requestContextFilter' to: [/*]
2018-01-20 18:52:10,578  INFO DelegatingFilterProxyRegistrationBean:258 - Mapping filter: 'springSecurityFilterChain' to: [/*]
2018-01-20 18:52:10,579  INFO ServletRegistrationBean:190 - Mapping servlet: 'dispatcherServlet' to [/]
2018-01-20 18:52:11,697  INFO MybatisPageHelperConfig:19 - ------Register MyBatis PageHelper-------
2018-01-20 18:52:14,337  INFO RequestMappingHandlerAdapter:534 - Looking for @ControllerAdvice: org.springframework.boot.context.embedded.AnnotationConfigEmbeddedWebApplicationContext@1198b989: startup date [Sat Jan 20 18:52:00 CST 2018]; root of context hierarchy
2018-01-20 18:52:14,537  INFO RequestMappingHandlerMapping:543 - Mapped "{[/demo],methods=[GET]}" onto public java.lang.String com.spring.blog2.WebController.demo()
2018-01-20 18:52:14,543  INFO RequestMappingHandlerMapping:543 - Mapped "{[/article/api/find],methods=[GET]}" onto public com.spring.blog2.obj.Article com.spring.blog2.controller.ArticleAPI.findOne(java.lang.Long)
2018-01-20 18:52:14,545  INFO RequestMappingHandlerMapping:543 - Mapped "{[/article/api/list],methods=[GET]}" onto public com.spring.blog2.obj.AjaxData com.spring.blog2.controller.ArticleAPI.findAll()
2018-01-20 18:52:14,559  INFO RequestMappingHandlerMapping:543 - Mapped "{[/article/add],methods=[POST]}" onto public com.spring.blog2.obj.Message com.spring.blog2.controller.ArticleController.addArticle(com.spring.blog2.obj.Article)
2018-01-20 18:52:14,562  INFO RequestMappingHandlerMapping:543 - Mapped "{[/article/upload],methods=[POST]}" onto public java.lang.String com.spring.blog2.controller.ArticleController.upload(javax.servlet.http.HttpServletRequest,org.springframework.web.multipart.MultipartFile) throws java.io.IOException
2018-01-20 18:52:14,563  INFO RequestMappingHandlerMapping:543 - Mapped "{[/article/findarticles/{id}],methods=[GET]}" onto public org.springframework.web.servlet.ModelAndView com.spring.blog2.controller.ArticleController.findArticlesByCategory(java.lang.Long,org.springframework.web.servlet.ModelAndView)
2018-01-20 18:52:14,714  INFO RequestMappingHandlerMapping:543 - Mapped "{[/article/see/{id}],methods=[GET]}" onto public org.springframework.web.servlet.ModelAndView com.spring.blog2.controller.ArticleController.singleArticle(java.lang.String,org.springframework.web.servlet.ModelAndView)
2018-01-20 18:52:14,717  INFO RequestMappingHandlerMapping:543 - Mapped "{[/category/list],methods=[GET]}" onto public org.springframework.web.servlet.ModelAndView com.spring.blog2.controller.CategoryController.list(org.springframework.web.servlet.ModelAndView)
2018-01-20 18:52:14,722  INFO RequestMappingHandlerMapping:543 - Mapped "{[/login],methods=[GET]}" onto public org.springframework.web.servlet.ModelAndView com.spring.blog2.controller.IndexController.login(org.springframework.web.servlet.ModelAndView)
2018-01-20 18:52:14,726  INFO RequestMappingHandlerMapping:543 - Mapped "{[/],methods=[GET]}" onto public java.lang.String com.spring.blog2.controller.IndexController.index(java.lang.Integer,org.springframework.ui.Model)
2018-01-20 18:52:14,730  INFO RequestMappingHandlerMapping:543 - Mapped "{[/error],produces=[text/html]}" onto public org.springframework.web.servlet.ModelAndView org.springframework.boot.autoconfigure.web.BasicErrorController.errorHtml(javax.servlet.http.HttpServletRequest,javax.servlet.http.HttpServletResponse)
2018-01-20 18:52:14,735  INFO RequestMappingHandlerMapping:543 - Mapped "{[/error]}" onto public org.springframework.http.ResponseEntity<java.util.Map<java.lang.String, java.lang.Object>> org.springframework.boot.autoconfigure.web.BasicErrorController.error(javax.servlet.http.HttpServletRequest)
2018-01-20 18:52:14,829  INFO SimpleUrlHandlerMapping:362 - Mapped URL path [/upload/**] onto handler of type [class org.springframework.web.servlet.resource.ResourceHttpRequestHandler]
2018-01-20 18:52:14,831  INFO SimpleUrlHandlerMapping:362 - Mapped URL path [/webjars/**] onto handler of type [class org.springframework.web.servlet.resource.ResourceHttpRequestHandler]
2018-01-20 18:52:14,833  INFO SimpleUrlHandlerMapping:362 - Mapped URL path [/**] onto handler of type [class org.springframework.web.servlet.resource.ResourceHttpRequestHandler]
2018-01-20 18:52:14,935  INFO SimpleUrlHandlerMapping:362 - Mapped URL path [/**/favicon.ico] onto handler of type [class org.springframework.web.servlet.resource.ResourceHttpRequestHandler]
2018-01-20 18:52:15,351  INFO FreeMarkerConfigurer:127 - ClassTemplateLoader for Spring macros added to FreeMarker configuration
2018-01-20 18:52:15,924  INFO DefaultSecurityFilterChain:43 - Creating filter chain: OrRequestMatcher [requestMatchers=[Ant [pattern='/css/**'], Ant [pattern='/js/**'], Ant [pattern='/images/**'], Ant [pattern='/webjars/**'], Ant [pattern='/**/favicon.ico'], Ant [pattern='/error']]], []
2018-01-20 18:52:16,065  INFO DefaultSecurityFilterChain:43 - Creating filter chain: org.springframework.security.web.util.matcher.AnyRequestMatcher@1, [org.springframework.security.web.context.request.async.WebAsyncManagerIntegrationFilter@5f481b73, org.springframework.security.web.context.SecurityContextPersistenceFilter@70972170, org.springframework.security.web.header.HeaderWriterFilter@23f3da8b, org.springframework.security.web.authentication.logout.LogoutFilter@56dfab87, org.springframework.security.web.authentication.UsernamePasswordAuthenticationFilter@74ea46e2, org.springframework.security.web.savedrequest.RequestCacheAwareFilter@4e1a46fb, org.springframework.security.web.servletapi.SecurityContextHolderAwareRequestFilter@1716e8c5, org.springframework.security.web.authentication.AnonymousAuthenticationFilter@32130e61, org.springframework.security.web.session.SessionManagementFilter@252a8aae, org.springframework.security.web.access.ExceptionTranslationFilter@762637be, org.springframework.security.web.access.intercept.FilterSecurityInterceptor@2630dbc4]
2018-01-20 18:52:16,088  INFO DefaultSecurityFilterChain:43 - Creating filter chain: OrRequestMatcher [requestMatchers=[Ant [pattern='/**']]], [org.springframework.security.web.context.request.async.WebAsyncManagerIntegrationFilter@267dc982, org.springframework.security.web.context.SecurityContextPersistenceFilter@3c3c4a71, org.springframework.security.web.header.HeaderWriterFilter@31ddb930, org.springframework.security.web.authentication.logout.LogoutFilter@74170687, org.springframework.security.web.authentication.www.BasicAuthenticationFilter@68f0f72c, org.springframework.security.web.savedrequest.RequestCacheAwareFilter@1352434e, org.springframework.security.web.servletapi.SecurityContextHolderAwareRequestFilter@4f9a6c2d, org.springframework.security.web.authentication.AnonymousAuthenticationFilter@439b15f2, org.springframework.security.web.session.SessionManagementFilter@12eedfee, org.springframework.security.web.access.ExceptionTranslationFilter@58fef7f7, org.springframework.security.web.access.intercept.FilterSecurityInterceptor@6e041285]
2018-01-20 18:52:16,535  INFO AnnotationMBeanExporter:431 - Registering beans for JMX exposure on startup
2018-01-20 18:52:16,665  INFO TomcatEmbeddedServletContainer:201 - Tomcat started on port(s): 8080 (http)
2018-01-20 18:52:16,676  INFO Blog2Application:57 - Started Blog2Application in 18.935 seconds (JVM running for 24.026)
2018-01-20 18:52:56,060  INFO DispatcherServlet:489 - FrameworkServlet 'dispatcherServlet': initialization started
2018-01-20 18:52:56,089  INFO DispatcherServlet:508 - FrameworkServlet 'dispatcherServlet': initialization completed in 28 ms
2018-01-20 18:54:31,654  INFO AnnotationConfigEmbeddedWebApplicationContext:984 - Closing org.springframework.boot.context.embedded.AnnotationConfigEmbeddedWebApplicationContext@1198b989: startup date [Sat Jan 20 18:52:00 CST 2018]; root of context hierarchy
2018-01-20 18:54:31,660  INFO AnnotationMBeanExporter:449 - Unregistering JMX-exposed beans on shutdown
2018-01-20 18:54:42,641  INFO Blog2Application:48 - Starting Blog2Application on smy-ThinkPad-E450c with PID 7589 (/media/smy/IdeaProjects/blog2/target/classes started by smy in /media/smy/IdeaProjects/blog2)
2018-01-20 18:54:42,669  INFO Blog2Application:593 - No active profile set, falling back to default profiles: default
2018-01-20 18:54:43,128  INFO AnnotationConfigEmbeddedWebApplicationContext:583 - Refreshing org.springframework.boot.context.embedded.AnnotationConfigEmbeddedWebApplicationContext@1198b989: startup date [Sat Jan 20 18:54:43 CST 2018]; root of context hierarchy
2018-01-20 18:54:44,308  INFO Version:30 - HV000001: Hibernate Validator 5.3.5.Final
2018-01-20 18:54:48,949  INFO TomcatEmbeddedServletContainer:89 - Tomcat initialized with port(s): 8080 (http)
2018-01-20 18:54:49,214  INFO ContextLoader:276 - Root WebApplicationContext: initialization completed in 6108 ms
2018-01-20 18:54:49,643  INFO FilterRegistrationBean:258 - Mapping filter: 'characterEncodingFilter' to: [/*]
2018-01-20 18:54:49,647  INFO FilterRegistrationBean:258 - Mapping filter: 'hiddenHttpMethodFilter' to: [/*]
2018-01-20 18:54:49,648  INFO FilterRegistrationBean:258 - Mapping filter: 'httpPutFormContentFilter' to: [/*]
2018-01-20 18:54:49,649  INFO FilterRegistrationBean:258 - Mapping filter: 'requestContextFilter' to: [/*]
2018-01-20 18:54:49,651  INFO DelegatingFilterProxyRegistrationBean:258 - Mapping filter: 'springSecurityFilterChain' to: [/*]
2018-01-20 18:54:49,652  INFO ServletRegistrationBean:190 - Mapping servlet: 'dispatcherServlet' to [/]
2018-01-20 18:54:50,527  INFO MybatisPageHelperConfig:19 - ------Register MyBatis PageHelper-------
2018-01-20 18:54:52,156  INFO RequestMappingHandlerAdapter:534 - Looking for @ControllerAdvice: org.springframework.boot.context.embedded.AnnotationConfigEmbeddedWebApplicationContext@1198b989: startup date [Sat Jan 20 18:54:43 CST 2018]; root of context hierarchy
2018-01-20 18:54:52,272  INFO RequestMappingHandlerMapping:543 - Mapped "{[/demo],methods=[GET]}" onto public java.lang.String com.spring.blog2.WebController.demo()
2018-01-20 18:54:52,280  INFO RequestMappingHandlerMapping:543 - Mapped "{[/article/api/find],methods=[GET]}" onto public com.spring.blog2.obj.Article com.spring.blog2.controller.ArticleAPI.findOne(java.lang.Long)
2018-01-20 18:54:52,283  INFO RequestMappingHandlerMapping:543 - Mapped "{[/article/api/list],methods=[GET]}" onto public com.spring.blog2.obj.AjaxData com.spring.blog2.controller.ArticleAPI.findAll()
2018-01-20 18:54:52,289  INFO RequestMappingHandlerMapping:543 - Mapped "{[/article/add],methods=[POST]}" onto public com.spring.blog2.obj.Message com.spring.blog2.controller.ArticleController.addArticle(com.spring.blog2.obj.Article)
2018-01-20 18:54:52,290  INFO RequestMappingHandlerMapping:543 - Mapped "{[/article/upload],methods=[POST]}" onto public java.lang.String com.spring.blog2.controller.ArticleController.upload(javax.servlet.http.HttpServletRequest,org.springframework.web.multipart.MultipartFile) throws java.io.IOException
2018-01-20 18:54:52,292  INFO RequestMappingHandlerMapping:543 - Mapped "{[/article/findarticles/{id}],methods=[GET]}" onto public org.springframework.web.servlet.ModelAndView com.spring.blog2.controller.ArticleController.findArticlesByCategory(java.lang.Long,org.springframework.web.servlet.ModelAndView)
2018-01-20 18:54:52,293  INFO RequestMappingHandlerMapping:543 - Mapped "{[/article/see/{id}],methods=[GET]}" onto public org.springframework.web.servlet.ModelAndView com.spring.blog2.controller.ArticleController.singleArticle(java.lang.String,org.springframework.web.servlet.ModelAndView)
2018-01-20 18:54:52,295  INFO RequestMappingHandlerMapping:543 - Mapped "{[/category/list],methods=[GET]}" onto public org.springframework.web.servlet.ModelAndView com.spring.blog2.controller.CategoryController.list(org.springframework.web.servlet.ModelAndView)
2018-01-20 18:54:52,297  INFO RequestMappingHandlerMapping:543 - Mapped "{[/login],methods=[GET]}" onto public org.springframework.web.servlet.ModelAndView com.spring.blog2.controller.IndexController.login(org.springframework.web.servlet.ModelAndView)
2018-01-20 18:54:52,297  INFO RequestMappingHandlerMapping:543 - Mapped "{[/],methods=[GET]}" onto public java.lang.String com.spring.blog2.controller.IndexController.index(java.lang.Integer,org.springframework.ui.Model)
2018-01-20 18:54:52,301  INFO RequestMappingHandlerMapping:543 - Mapped "{[/error],produces=[text/html]}" onto public org.springframework.web.servlet.ModelAndView org.springframework.boot.autoconfigure.web.BasicErrorController.errorHtml(javax.servlet.http.HttpServletRequest,javax.servlet.http.HttpServletResponse)
2018-01-20 18:54:52,302  INFO RequestMappingHandlerMapping:543 - Mapped "{[/error]}" onto public org.springframework.http.ResponseEntity<java.util.Map<java.lang.String, java.lang.Object>> org.springframework.boot.autoconfigure.web.BasicErrorController.error(javax.servlet.http.HttpServletRequest)
2018-01-20 18:54:52,371  INFO SimpleUrlHandlerMapping:362 - Mapped URL path [/upload/**] onto handler of type [class org.springframework.web.servlet.resource.ResourceHttpRequestHandler]
2018-01-20 18:54:52,372  INFO SimpleUrlHandlerMapping:362 - Mapped URL path [/webjars/**] onto handler of type [class org.springframework.web.servlet.resource.ResourceHttpRequestHandler]
2018-01-20 18:54:52,372  INFO SimpleUrlHandlerMapping:362 - Mapped URL path [/**] onto handler of type [class org.springframework.web.servlet.resource.ResourceHttpRequestHandler]
2018-01-20 18:54:52,493  INFO SimpleUrlHandlerMapping:362 - Mapped URL path [/**/favicon.ico] onto handler of type [class org.springframework.web.servlet.resource.ResourceHttpRequestHandler]
2018-01-20 18:54:52,841  INFO FreeMarkerConfigurer:127 - ClassTemplateLoader for Spring macros added to FreeMarker configuration
2018-01-20 18:54:53,420  INFO DefaultSecurityFilterChain:43 - Creating filter chain: OrRequestMatcher [requestMatchers=[Ant [pattern='/css/**'], Ant [pattern='/js/**'], Ant [pattern='/images/**'], Ant [pattern='/webjars/**'], Ant [pattern='/**/favicon.ico'], Ant [pattern='/error']]], []
2018-01-20 18:54:53,573  INFO DefaultSecurityFilterChain:43 - Creating filter chain: org.springframework.security.web.util.matcher.AnyRequestMatcher@1, [org.springframework.security.web.context.request.async.WebAsyncManagerIntegrationFilter@56637cff, org.springframework.security.web.context.SecurityContextPersistenceFilter@5e7c141d, org.springframework.security.web.header.HeaderWriterFilter@27d33393, org.springframework.security.web.authentication.logout.LogoutFilter@709ed6f3, org.springframework.security.web.authentication.UsernamePasswordAuthenticationFilter@7b306b9f, org.springframework.security.web.savedrequest.RequestCacheAwareFilter@1305c126, org.springframework.security.web.servletapi.SecurityContextHolderAwareRequestFilter@252a8aae, org.springframework.security.web.authentication.AnonymousAuthenticationFilter@2938127d, org.springframework.security.web.session.SessionManagementFilter@41eb94bc, org.springframework.security.web.access.ExceptionTranslationFilter@74ecacc3, org.springframework.security.web.access.intercept.FilterSecurityInterceptor@372ca2d6]
2018-01-20 18:54:53,597  INFO DefaultSecurityFilterChain:43 - Creating filter chain: OrRequestMatcher [requestMatchers=[Ant [pattern='/**']]], [org.springframework.security.web.context.request.async.WebAsyncManagerIntegrationFilter@4f9a6c2d, org.springframework.security.web.context.SecurityContextPersistenceFilter@3a66e67e, org.springframework.security.web.header.HeaderWriterFilter@1b956cfa, org.springframework.security.web.authentication.logout.LogoutFilter@51d387d3, org.springframework.security.web.authentication.www.BasicAuthenticationFilter@2370ac7a, org.springframework.security.web.savedrequest.RequestCacheAwareFilter@75d4a80f, org.springframework.security.web.servletapi.SecurityContextHolderAwareRequestFilter@4596f8f3, org.springframework.security.web.authentication.AnonymousAuthenticationFilter@2b6fcb9f, org.springframework.security.web.session.SessionManagementFilter@315f09ef, org.springframework.security.web.access.ExceptionTranslationFilter@4996c99, org.springframework.security.web.access.intercept.FilterSecurityInterceptor@1352434e]
2018-01-20 18:54:54,066  INFO AnnotationMBeanExporter:431 - Registering beans for JMX exposure on startup
2018-01-20 18:54:54,229  INFO TomcatEmbeddedServletContainer:201 - Tomcat started on port(s): 8080 (http)
2018-01-20 18:54:54,243  INFO Blog2Application:57 - Started Blog2Application in 13.264 seconds (JVM running for 16.285)
2018-01-20 18:54:58,157  INFO DispatcherServlet:489 - FrameworkServlet 'dispatcherServlet': initialization started
2018-01-20 18:54:58,199  INFO DispatcherServlet:508 - FrameworkServlet 'dispatcherServlet': initialization completed in 41 ms
2018-01-20 18:55:46,387  INFO ArticleController:46 - ------see article--------com.spring.blog2.obj.Article@6aa86dad-----------------
2018-01-20 18:59:16,019  INFO AnnotationConfigEmbeddedWebApplicationContext:984 - Closing org.springframework.boot.context.embedded.AnnotationConfigEmbeddedWebApplicationContext@1198b989: startup date [Sat Jan 20 18:54:43 CST 2018]; root of context hierarchy
2018-01-20 18:59:16,027  INFO AnnotationMBeanExporter:449 - Unregistering JMX-exposed beans on shutdown
