2018-01-21 20:32:46,075 ERROR SpringApplication:771 - Application startup failed
org.springframework.beans.factory.BeanCreationException: Error creating bean with name 'webConfigration' defined in file [/media/smy/IdeaProjects/blog2/target/classes/com/spring/blog2/config/WebConfigration.class]: Post-processing of merged bean definition failed; nested exception is java.lang.TypeNotPresentException: Type javax.servlet.Filter not present
	at org.springframework.beans.factory.support.AbstractAutowireCapableBeanFactory.doCreateBean(AbstractAutowireCapableBeanFactory.java:526)
	at org.springframework.beans.factory.support.AbstractAutowireCapableBeanFactory.createBean(AbstractAutowireCapableBeanFactory.java:483)
	at org.springframework.beans.factory.support.AbstractBeanFactory$1.getObject(AbstractBeanFactory.java:306)
	at org.springframework.beans.factory.support.DefaultSingletonBeanRegistry.getSingleton(DefaultSingletonBeanRegistry.java:230)
	at org.springframework.beans.factory.support.AbstractBeanFactory.doGetBean(AbstractBeanFactory.java:302)
	at org.springframework.beans.factory.support.AbstractBeanFactory.getBean(AbstractBeanFactory.java:197)
	at org.springframework.beans.factory.support.DefaultListableBeanFactory.preInstantiateSingletons(DefaultListableBeanFactory.java:761)
	at org.springframework.context.support.AbstractApplicationContext.finishBeanFactoryInitialization(AbstractApplicationContext.java:867)
	at org.springframework.context.support.AbstractApplicationContext.refresh(AbstractApplicationContext.java:543)
	at org.springframework.boot.SpringApplication.refresh(SpringApplication.java:693)
	at org.springframework.boot.SpringApplication.refreshContext(SpringApplication.java:360)
	at org.springframework.boot.SpringApplication.run(SpringApplication.java:303)
	at org.springframework.boot.SpringApplication.run(SpringApplication.java:1118)
	at org.springframework.boot.SpringApplication.run(SpringApplication.java:1107)
	at com.spring.blog2.Blog2Application.main(Blog2Application.java:16)
Caused by: java.lang.TypeNotPresentException: Type javax.servlet.Filter not present
	at sun.reflect.generics.factory.CoreReflectionFactory.makeNamedType(CoreReflectionFactory.java:117)
	at sun.reflect.generics.visitor.Reifier.visitClassTypeSignature(Reifier.java:125)
	at sun.reflect.generics.tree.ClassTypeSignature.accept(ClassTypeSignature.java:49)
	at sun.reflect.generics.visitor.Reifier.reifyTypeArguments(Reifier.java:68)
	at sun.reflect.generics.visitor.Reifier.visitClassTypeSignature(Reifier.java:138)
	at sun.reflect.generics.tree.ClassTypeSignature.accept(ClassTypeSignature.java:49)
	at sun.reflect.generics.repository.ClassRepository.getSuperInterfaces(ClassRepository.java:108)
	at java.lang.Class.getGenericInterfaces(Class.java:913)
	at org.springframework.core.ResolvableType.getInterfaces(ResolvableType.java:459)
	at org.springframework.core.ResolvableType.as(ResolvableType.java:426)
	at org.springframework.core.ResolvableType.as(ResolvableType.java:427)
	at org.springframework.core.ResolvableType.as(ResolvableType.java:432)
	at org.springframework.core.ResolvableType.as(ResolvableType.java:432)
	at org.springframework.core.ResolvableType.forMethodParameter(ResolvableType.java:1248)
	at org.springframework.core.ResolvableType.forMethodParameter(ResolvableType.java:1217)
	at org.springframework.core.ResolvableType.forMethodParameter(ResolvableType.java:1207)
	at org.springframework.core.BridgeMethodResolver.isResolvedTypeMatch(BridgeMethodResolver.java:178)
	at org.springframework.core.BridgeMethodResolver.isBridgeMethodFor(BridgeMethodResolver.java:133)
	at org.springframework.core.BridgeMethodResolver.searchCandidates(BridgeMethodResolver.java:112)
	at org.springframework.core.BridgeMethodResolver.findBridgedMethod(BridgeMethodResolver.java:75)
	at org.springframework.context.annotation.CommonAnnotationBeanPostProcessor$2.doWith(CommonAnnotationBeanPostProcessor.java:390)
	at org.springframework.util.ReflectionUtils.doWithLocalMethods(ReflectionUtils.java:492)
	at org.springframework.context.annotation.CommonAnnotationBeanPostProcessor.buildResourceMetadata(CommonAnnotationBeanPostProcessor.java:387)
	at org.springframework.context.annotation.CommonAnnotationBeanPostProcessor.findResourceMetadata(CommonAnnotationBeanPostProcessor.java:340)
	at org.springframework.context.annotation.CommonAnnotationBeanPostProcessor.postProcessMergedBeanDefinition(CommonAnnotationBeanPostProcessor.java:297)
	at org.springframework.beans.factory.support.AbstractAutowireCapableBeanFactory.applyMergedBeanDefinitionPostProcessors(AbstractAutowireCapableBeanFactory.java:992)
	at org.springframework.beans.factory.support.AbstractAutowireCapableBeanFactory.doCreateBean(AbstractAutowireCapableBeanFactory.java:523)
	... 14 more
Caused by: java.lang.ClassNotFoundException: javax.servlet.Filter
	at java.net.URLClassLoader.findClass(URLClassLoader.java:381)
	at java.lang.ClassLoader.loadClass(ClassLoader.java:424)
	at sun.misc.Launcher$AppClassLoader.loadClass(Launcher.java:335)
	at java.lang.ClassLoader.loadClass(ClassLoader.java:357)
	at java.lang.Class.forName0(Native Method)
	at java.lang.Class.forName(Class.java:348)
	at sun.reflect.generics.factory.CoreReflectionFactory.makeNamedType(CoreReflectionFactory.java:114)
	... 40 more
